# JRE version: Java(TM) SE Runtime Environment (17.0.7+8) (build 17.0.7+8-LTS-224)
# Java VM: Java HotSpot(TM) 64-Bit Server VM (17.0.7+8-LTS-224, mixed mode, sharing, tiered, compressed oops, compressed class ptrs, g1 gc, windows-amd64)
GC Precious Log:
 CPUs: 8 total, 8 available
 Memory: 16217M
 Large Page Support: Disabled
 NUMA Support: Disabled
 Compressed Oops: Enabled (32-bit)
 Heap Region Size: 1M
 Heap Min Capacity: 8M
 Heap Initial Capacity: 254M
 Heap Max Capacity: 512M
 Pre-touch: Disabled
 Parallel Workers: 8
 Concurrent Workers: 2
 Concurrent Refinement Workers: 8
 Periodic GC: Disabled
Heap:
 garbage-first heap   total 179200K, used 75561K [0x00000000e0000000, 0x0000000100000000)
  region size 1024K, 16 young (16384K), 1 survivors (1024K)
 Metaspace       used 69128K, committed 69504K, reserved 1114112K
  class space    used 9248K, committed 9408K, reserved 1048576K
GC Heap History (20 events):
Event: 12.879 GC heap before
{Heap before GC invocations=20 (full 0):
 garbage-first heap   total 68608K, used 54810K [0x00000000e0000000, 0x0000000100000000)
  region size 1024K, 22 young (22528K), 3 survivors (3072K)
 Metaspace       used 61359K, committed 61696K, reserved 1105920K
  class space    used 8264K, committed 8448K, reserved 1048576K
}
Event: 12.884 GC heap after
{Heap after GC invocations=21 (full 0):
 garbage-first heap   total 68608K, used 36760K [0x00000000e0000000, 0x0000000100000000)
  region size 1024K, 3 young (3072K), 3 survivors (3072K)
 Metaspace       used 61359K, committed 61696K, reserved 1105920K
  class space    used 8264K, committed 8448K, reserved 1048576K
}
Event: 13.345 GC heap before
{Heap before GC invocations=21 (full 0):
 garbage-first heap   total 68608K, used 56216K [0x00000000e0000000, 0x0000000100000000)
  region size 1024K, 22 young (22528K), 3 survivors (3072K)
 Metaspace       used 64098K, committed 64512K, reserved 1105920K
  class space    used 8651K, committed 8832K, reserved 1048576K
}
Event: 13.350 GC heap after
{Heap after GC invocations=22 (full 0):
 garbage-first heap   total 68608K, used 37779K [0x00000000e0000000, 0x0000000100000000)
  region size 1024K, 3 young (3072K), 3 survivors (3072K)
 Metaspace       used 64098K, committed 64512K, reserved 1105920K
  class space    used 8651K, committed 8832K, reserved 1048576K
}
Event: 13.488 GC heap before
{Heap before GC invocations=23 (full 0):
 garbage-first heap   total 70656K, used 55187K [0x00000000e0000000, 0x0000000100000000)
  region size 1024K, 20 young (20480K), 3 survivors (3072K)
 Metaspace       used 64264K, committed 64704K, reserved 1105920K
  class space    used 8677K, committed 8896K, reserved 1048576K
}
Event: 13.492 GC heap after
{Heap after GC invocations=24 (full 0):
 garbage-first heap   total 70656K, used 38364K [0x00000000e0000000, 0x0000000100000000)
  region size 1024K, 2 young (2048K), 2 survivors (2048K)
 Metaspace       used 64264K, committed 64704K, reserved 1105920K
  class space    used 8677K, committed 8896K, reserved 1048576K
}
Event: 13.727 GC heap before
{Heap before GC invocations=24 (full 0):
 garbage-first heap   total 70656K, used 57820K [0x00000000e0000000, 0x0000000100000000)
  region size 1024K, 21 young (21504K), 2 survivors (2048K)
 Metaspace       used 64608K, committed 64960K, reserved 1105920K
  class space    used 8704K, committed 8896K, reserved 1048576K
}
Event: 13.730 GC heap after
{Heap after GC invocations=25 (full 0):
 garbage-first heap   total 70656K, used 38992K [0x00000000e0000000, 0x0000000100000000)
  region size 1024K, 3 young (3072K), 3 survivors (3072K)
 Metaspace       used 64608K, committed 64960K, reserved 1105920K
  class space    used 8704K, committed 8896K, reserved 1048576K
}
Event: 14.143 GC heap before
{Heap before GC invocations=26 (full 0):
 garbage-first heap   total 75776K, used 58448K [0x00000000e0000000, 0x0000000100000000)
  region size 1024K, 22 young (22528K), 3 survivors (3072K)
 Metaspace       used 66015K, committed 66432K, reserved 1114112K
  class space    used 8883K, committed 9088K, reserved 1048576K
}
Event: 14.147 GC heap after
{Heap after GC invocations=27 (full 0):
 garbage-first heap   total 75776K, used 40555K [0x00000000e0000000, 0x0000000100000000)
  region size 1024K, 3 young (3072K), 3 survivors (3072K)
 Metaspace       used 66015K, committed 66432K, reserved 1114112K
  class space    used 8883K, committed 9088K, reserved 1048576K
}
Event: 14.565 GC heap before
{Heap before GC invocations=27 (full 0):
 garbage-first heap   total 75776K, used 62059K [0x00000000e0000000, 0x0000000100000000)
  region size 1024K, 24 young (24576K), 3 survivors (3072K)
 Metaspace       used 67399K, committed 67776K, reserved 1114112K
  class space    used 9076K, committed 9280K, reserved 1048576K
}
Event: 14.570 GC heap after
{Heap after GC invocations=28 (full 0):
 garbage-first heap   total 75776K, used 42071K [0x00000000e0000000, 0x0000000100000000)
  region size 1024K, 3 young (3072K), 3 survivors (3072K)
 Metaspace       used 67399K, committed 67776K, reserved 1114112K
  class space    used 9076K, committed 9280K, reserved 1048576K
}
Event: 14.990 GC heap before
{Heap before GC invocations=29 (full 0):
 garbage-first heap   total 76800K, used 60503K [0x00000000e0000000, 0x0000000100000000)
  region size 1024K, 22 young (22528K), 3 survivors (3072K)
 Metaspace       used 68927K, committed 69248K, reserved 1114112K
  class space    used 9245K, committed 9408K, reserved 1048576K
}
Event: 14.998 GC heap after
{Heap after GC invocations=30 (full 0):
 garbage-first heap   total 76800K, used 44435K [0x00000000e0000000, 0x0000000100000000)
  region size 1024K, 3 young (3072K), 3 survivors (3072K)
 Metaspace       used 68927K, committed 69248K, reserved 1114112K
  class space    used 9245K, committed 9408K, reserved 1048576K
}
Event: 15.055 GC heap before
{Heap before GC invocations=30 (full 0):
 garbage-first heap   total 76800K, used 50579K [0x00000000e0000000, 0x0000000100000000)
  region size 1024K, 10 young (10240K), 3 survivors (3072K)
 Metaspace       used 68990K, committed 69376K, reserved 1114112K
  class space    used 9246K, committed 9408K, reserved 1048576K
}
Event: 15.059 GC heap after
{Heap after GC invocations=31 (full 0):
 garbage-first heap   total 76800K, used 45496K [0x00000000e0000000, 0x0000000100000000)
  region size 1024K, 2 young (2048K), 2 survivors (2048K)
 Metaspace       used 68990K, committed 69376K, reserved 1114112K
  class space    used 9246K, committed 9408K, reserved 1048576K
}
Event: 15.180 GC heap before
{Heap before GC invocations=32 (full 0):
 garbage-first heap   total 97280K, used 60856K [0x00000000e0000000, 0x0000000100000000)
  region size 1024K, 17 young (17408K), 2 survivors (2048K)
 Metaspace       used 69019K, committed 69376K, reserved 1114112K
  class space    used 9246K, committed 9408K, reserved 1048576K
}
Event: 15.184 GC heap after
{Heap after GC invocations=33 (full 0):
 garbage-first heap   total 97280K, used 48881K [0x00000000e0000000, 0x0000000100000000)
  region size 1024K, 3 young (3072K), 3 survivors (3072K)
 Metaspace       used 69019K, committed 69376K, reserved 1114112K
  class space    used 9246K, committed 9408K, reserved 1048576K
}
Event: 15.307 GC heap before
{Heap before GC invocations=33 (full 0):
 garbage-first heap   total 97280K, used 73457K [0x00000000e0000000, 0x0000000100000000)
  region size 1024K, 28 young (28672K), 3 survivors (3072K)
 Metaspace       used 69062K, committed 69440K, reserved 1114112K
  class space    used 9246K, committed 9408K, reserved 1048576K
}
Event: 15.312 GC heap after
{Heap after GC invocations=34 (full 0):
 garbage-first heap   total 97280K, used 55612K [0x00000000e0000000, 0x0000000100000000)
  region size 1024K, 4 young (4096K), 4 survivors (4096K)
 Metaspace       used 69062K, committed 69440K, reserved 1114112K
  class space    used 9246K, committed 9408K, reserved 1048576K
}

